[20-Sep-2024 12:19:20 UTC] Проверка продукта с ID: 280
[20-Sep-2024 12:19:20 UTC] PHP Fatal error:  Uncaught Error: Call to undefined function ever_compare_remove_from_compare() in C:\OSPanel\home\balace\wp-content\themes\balace\functions.php:1689
Stack trace:
#0 C:\OSPanel\home\balace\wp-includes\class-wp-hook.php(324): check_compare_status('')
#1 C:\OSPanel\home\balace\wp-includes\class-wp-hook.php(348): WP_Hook->apply_filters('', Array)
#2 C:\OSPanel\home\balace\wp-includes\plugin.php(517): WP_Hook->do_action(Array)
#3 C:\OSPanel\home\balace\wp-admin\admin-ajax.php(192): do_action('wp_ajax_check_c...')
#4 {main}
  thrown in C:\OSPanel\home\balace\wp-content\themes\balace\functions.php on line 1689
[20-Sep-2024 12:22:41 UTC] Проверка продукта с ID: 280
[20-Sep-2024 12:22:41 UTC] PHP Fatal error:  Uncaught Error: Call to undefined function ever_compare_remove_from_compare() in C:\OSPanel\home\balace\wp-content\themes\balace\functions.php:1689
Stack trace:
#0 C:\OSPanel\home\balace\wp-includes\class-wp-hook.php(324): check_compare_status('')
#1 C:\OSPanel\home\balace\wp-includes\class-wp-hook.php(348): WP_Hook->apply_filters('', Array)
#2 C:\OSPanel\home\balace\wp-includes\plugin.php(517): WP_Hook->do_action(Array)
#3 C:\OSPanel\home\balace\wp-admin\admin-ajax.php(192): do_action('wp_ajax_check_c...')
#4 {main}
  thrown in C:\OSPanel\home\balace\wp-content\themes\balace\functions.php on line 1689
[20-Sep-2024 12:22:49 UTC] Проверка продукта с ID: 280
[20-Sep-2024 12:22:49 UTC] PHP Fatal error:  Uncaught Error: Call to undefined function ever_compare_remove_from_compare() in C:\OSPanel\home\balace\wp-content\themes\balace\functions.php:1689
Stack trace:
#0 C:\OSPanel\home\balace\wp-includes\class-wp-hook.php(324): check_compare_status('')
#1 C:\OSPanel\home\balace\wp-includes\class-wp-hook.php(348): WP_Hook->apply_filters('', Array)
#2 C:\OSPanel\home\balace\wp-includes\plugin.php(517): WP_Hook->do_action(Array)
#3 C:\OSPanel\home\balace\wp-admin\admin-ajax.php(192): do_action('wp_ajax_check_c...')
#4 {main}
  thrown in C:\OSPanel\home\balace\wp-content\themes\balace\functions.php on line 1689
[20-Sep-2024 12:23:15 UTC] Проверка продукта с ID: 280
[20-Sep-2024 12:23:15 UTC] PHP Fatal error:  Uncaught Error: Call to undefined function ever_compare_remove_from_compare() in C:\OSPanel\home\balace\wp-content\themes\balace\functions.php:1689
Stack trace:
#0 C:\OSPanel\home\balace\wp-includes\class-wp-hook.php(324): check_compare_status('')
#1 C:\OSPanel\home\balace\wp-includes\class-wp-hook.php(348): WP_Hook->apply_filters('', Array)
#2 C:\OSPanel\home\balace\wp-includes\plugin.php(517): WP_Hook->do_action(Array)
#3 C:\OSPanel\home\balace\wp-admin\admin-ajax.php(192): do_action('wp_ajax_check_c...')
#4 {main}
  thrown in C:\OSPanel\home\balace\wp-content\themes\balace\functions.php on line 1689
[20-Sep-2024 12:23:23 UTC] Проверка продукта с ID: 280
[20-Sep-2024 12:23:23 UTC] PHP Fatal error:  Uncaught Error: Call to undefined function ever_compare_remove_from_compare() in C:\OSPanel\home\balace\wp-content\themes\balace\functions.php:1689
Stack trace:
#0 C:\OSPanel\home\balace\wp-includes\class-wp-hook.php(324): check_compare_status('')
#1 C:\OSPanel\home\balace\wp-includes\class-wp-hook.php(348): WP_Hook->apply_filters('', Array)
#2 C:\OSPanel\home\balace\wp-includes\plugin.php(517): WP_Hook->do_action(Array)
#3 C:\OSPanel\home\balace\wp-admin\admin-ajax.php(192): do_action('wp_ajax_check_c...')
#4 {main}
  thrown in C:\OSPanel\home\balace\wp-content\themes\balace\functions.php on line 1689
[20-Sep-2024 12:24:19 UTC] Проверка продукта с ID: 280
[20-Sep-2024 12:24:19 UTC] PHP Fatal error:  Uncaught Error: Call to undefined function ever_compare_remove_from_compare() in C:\OSPanel\home\balace\wp-content\themes\balace\functions.php:1689
Stack trace:
#0 C:\OSPanel\home\balace\wp-includes\class-wp-hook.php(324): check_compare_status('')
#1 C:\OSPanel\home\balace\wp-includes\class-wp-hook.php(348): WP_Hook->apply_filters('', Array)
#2 C:\OSPanel\home\balace\wp-includes\plugin.php(517): WP_Hook->do_action(Array)
#3 C:\OSPanel\home\balace\wp-admin\admin-ajax.php(192): do_action('wp_ajax_check_c...')
#4 {main}
  thrown in C:\OSPanel\home\balace\wp-content\themes\balace\functions.php on line 1689
[20-Sep-2024 12:25:08 UTC] Проверка продукта с ID: 280
[20-Sep-2024 12:25:08 UTC] PHP Fatal error:  Uncaught Error: Call to undefined function ever_compare_remove_from_compare() in C:\OSPanel\home\balace\wp-content\themes\balace\functions.php:1689
Stack trace:
#0 C:\OSPanel\home\balace\wp-includes\class-wp-hook.php(324): check_compare_status('')
#1 C:\OSPanel\home\balace\wp-includes\class-wp-hook.php(348): WP_Hook->apply_filters('', Array)
#2 C:\OSPanel\home\balace\wp-includes\plugin.php(517): WP_Hook->do_action(Array)
#3 C:\OSPanel\home\balace\wp-admin\admin-ajax.php(192): do_action('wp_ajax_check_c...')
#4 {main}
  thrown in C:\OSPanel\home\balace\wp-content\themes\balace\functions.php on line 1689
