2024-07-04T12:27:26+00:00 CRITICAL Uncaught Error: Call to undefined function get_category_ids() in C:\OSPanel\domains\balace\wp-content\themes\balace\woocommerce\archive-product.php:36
Stack trace:
#0 C:\OSPanel\domains\balace\wp-content\plugins\woocommerce\includes\wc-core-functions.php(345): include()
#1 C:\OSPanel\domains\balace\wp-content\themes\balace\woocommerce\taxonomy-product-cat.php(22): wc_get_template()
#2 C:\OSPanel\domains\balace\wp-includes\template-loader.php(106): include('C:\\OSPanel\\doma...')
#3 C:\OSPanel\domains\balace\wp-blog-header.php(19): require_once('C:\\OSPanel\\doma...')
#4 C:\OSPanel\domains\balace\index.php(17): require('C:\\OSPanel\\doma...')
#5 {main}
  thrown в C:\OSPanel\domains\balace\wp-content\themes\balace\woocommerce\archive-product.php на строке 36

2024-07-04T12:28:30+00:00 CRITICAL Uncaught Error: Call to undefined function get_category_ids() in C:\OSPanel\domains\balace\wp-content\themes\balace\pages\templates-parts\filter-options.php:29
Stack trace:
#0 C:\OSPanel\domains\balace\wp-includes\template.php(785): require()
#1 C:\OSPanel\domains\balace\wp-includes\template.php(718): load_template()
#2 C:\OSPanel\domains\balace\wp-includes\general-template.php(204): locate_template()
#3 C:\OSPanel\domains\balace\wp-content\themes\balace\woocommerce\archive-product.php(38): get_template_part()
#4 C:\OSPanel\domains\balace\wp-content\plugins\woocommerce\includes\wc-core-functions.php(345): include('C:\\OSPanel\\doma...')
#5 C:\OSPanel\domains\balace\wp-content\themes\balace\woocommerce\taxonomy-product-cat.php(22): wc_get_template()
#6 C:\OSPanel\domains\balace\wp-includes\template-loader.php(106): include('C:\\OSPanel\\doma...')
#7 C:\OSPanel\domains\balace\wp-blog-header.php(19): require_once('C:\\OSPanel\\doma...')
#8 C:\OSPanel\domains\balace\index.php(17): require('C:\\OSPanel\\doma...')
#9 {main}
  thrown в C:\OSPanel\domains\balace\wp-content\themes\balace\pages\templates-parts\filter-options.php на строке 29

2024-07-04T12:28:36+00:00 CRITICAL Uncaught Error: Call to undefined function get_category_ids() in C:\OSPanel\domains\balace\wp-content\themes\balace\pages\templates-parts\filter-options.php:29
Stack trace:
#0 C:\OSPanel\domains\balace\wp-includes\template.php(785): require()
#1 C:\OSPanel\domains\balace\wp-includes\template.php(718): load_template()
#2 C:\OSPanel\domains\balace\wp-includes\general-template.php(204): locate_template()
#3 C:\OSPanel\domains\balace\wp-content\themes\balace\woocommerce\archive-product.php(36): get_template_part()
#4 C:\OSPanel\domains\balace\wp-content\plugins\woocommerce\includes\wc-core-functions.php(345): include('C:\\OSPanel\\doma...')
#5 C:\OSPanel\domains\balace\wp-content\themes\balace\woocommerce\taxonomy-product-cat.php(22): wc_get_template()
#6 C:\OSPanel\domains\balace\wp-includes\template-loader.php(106): include('C:\\OSPanel\\doma...')
#7 C:\OSPanel\domains\balace\wp-blog-header.php(19): require_once('C:\\OSPanel\\doma...')
#8 C:\OSPanel\domains\balace\index.php(17): require('C:\\OSPanel\\doma...')
#9 {main}
  thrown в C:\OSPanel\domains\balace\wp-content\themes\balace\pages\templates-parts\filter-options.php на строке 29

2024-07-04T13:08:02+00:00 CRITICAL Uncaught ArgumentCountError: Too few arguments to function wc_get_loop_prop(), 0 passed in C:\OSPanel\domains\balace\wp-content\themes\balace\woocommerce\archive-product.php on line 120 and at least 1 expected in C:\OSPanel\domains\balace\wp-content\plugins\woocommerce\includes\wc-template-functions.php:219
Stack trace:
#0 C:\OSPanel\domains\balace\wp-content\themes\balace\woocommerce\archive-product.php(120): wc_get_loop_prop()
#1 C:\OSPanel\domains\balace\wp-content\plugins\woocommerce\includes\wc-core-functions.php(345): include('C:\\OSPanel\\doma...')
#2 C:\OSPanel\domains\balace\wp-content\themes\balace\woocommerce\taxonomy-product-cat.php(22): wc_get_template()
#3 C:\OSPanel\domains\balace\wp-includes\template-loader.php(106): include('C:\\OSPanel\\doma...')
#4 C:\OSPanel\domains\balace\wp-blog-header.php(19): require_once('C:\\OSPanel\\doma...')
#5 C:\OSPanel\domains\balace\index.php(17): require('C:\\OSPanel\\doma...')
#6 {main}
  thrown в C:\OSPanel\domains\balace\wp-content\plugins\woocommerce\includes\wc-template-functions.php на строке 219

2024-07-04T13:08:45+00:00 CRITICAL Uncaught ArgumentCountError: Too few arguments to function wc_get_loop_prop(), 0 passed in C:\OSPanel\domains\balace\wp-content\themes\balace\woocommerce\archive-product.php on line 120 and at least 1 expected in C:\OSPanel\domains\balace\wp-content\plugins\woocommerce\includes\wc-template-functions.php:219
Stack trace:
#0 C:\OSPanel\domains\balace\wp-content\themes\balace\woocommerce\archive-product.php(120): wc_get_loop_prop()
#1 C:\OSPanel\domains\balace\wp-content\plugins\woocommerce\includes\wc-core-functions.php(345): include('C:\\OSPanel\\doma...')
#2 C:\OSPanel\domains\balace\wp-content\themes\balace\woocommerce\taxonomy-product-cat.php(22): wc_get_template()
#3 C:\OSPanel\domains\balace\wp-includes\template-loader.php(106): include('C:\\OSPanel\\doma...')
#4 C:\OSPanel\domains\balace\wp-blog-header.php(19): require_once('C:\\OSPanel\\doma...')
#5 C:\OSPanel\domains\balace\index.php(17): require('C:\\OSPanel\\doma...')
#6 {main}
  thrown в C:\OSPanel\domains\balace\wp-content\plugins\woocommerce\includes\wc-template-functions.php на строке 219

2024-07-04T13:09:35+00:00 CRITICAL Uncaught ArgumentCountError: Too few arguments to function wc_get_loop_prop(), 0 passed in C:\OSPanel\domains\balace\wp-content\themes\balace\woocommerce\archive-product.php on line 120 and at least 1 expected in C:\OSPanel\domains\balace\wp-content\plugins\woocommerce\includes\wc-template-functions.php:219
Stack trace:
#0 C:\OSPanel\domains\balace\wp-content\themes\balace\woocommerce\archive-product.php(120): wc_get_loop_prop()
#1 C:\OSPanel\domains\balace\wp-content\plugins\woocommerce\includes\wc-core-functions.php(345): include('C:\\OSPanel\\doma...')
#2 C:\OSPanel\domains\balace\wp-content\themes\balace\woocommerce\taxonomy-product-cat.php(22): wc_get_template()
#3 C:\OSPanel\domains\balace\wp-includes\template-loader.php(106): include('C:\\OSPanel\\doma...')
#4 C:\OSPanel\domains\balace\wp-blog-header.php(19): require_once('C:\\OSPanel\\doma...')
#5 C:\OSPanel\domains\balace\index.php(17): require('C:\\OSPanel\\doma...')
#6 {main}
  thrown в C:\OSPanel\domains\balace\wp-content\plugins\woocommerce\includes\wc-template-functions.php на строке 219

2024-07-04T13:09:40+00:00 CRITICAL Uncaught ArgumentCountError: Too few arguments to function wc_get_loop_prop(), 0 passed in C:\OSPanel\domains\balace\wp-content\themes\balace\woocommerce\archive-product.php on line 120 and at least 1 expected in C:\OSPanel\domains\balace\wp-content\plugins\woocommerce\includes\wc-template-functions.php:219
Stack trace:
#0 C:\OSPanel\domains\balace\wp-content\themes\balace\woocommerce\archive-product.php(120): wc_get_loop_prop()
#1 C:\OSPanel\domains\balace\wp-content\plugins\woocommerce\includes\wc-core-functions.php(345): include('C:\\OSPanel\\doma...')
#2 C:\OSPanel\domains\balace\wp-content\themes\balace\woocommerce\taxonomy-product-cat.php(22): wc_get_template()
#3 C:\OSPanel\domains\balace\wp-includes\template-loader.php(106): include('C:\\OSPanel\\doma...')
#4 C:\OSPanel\domains\balace\wp-blog-header.php(19): require_once('C:\\OSPanel\\doma...')
#5 C:\OSPanel\domains\balace\index.php(17): require('C:\\OSPanel\\doma...')
#6 {main}
  thrown в C:\OSPanel\domains\balace\wp-content\plugins\woocommerce\includes\wc-template-functions.php на строке 219

2024-07-04T13:10:24+00:00 CRITICAL Uncaught ArgumentCountError: Too few arguments to function wc_get_loop_prop(), 0 passed in C:\OSPanel\domains\balace\wp-content\themes\balace\woocommerce\archive-product.php on line 120 and at least 1 expected in C:\OSPanel\domains\balace\wp-content\plugins\woocommerce\includes\wc-template-functions.php:219
Stack trace:
#0 C:\OSPanel\domains\balace\wp-content\themes\balace\woocommerce\archive-product.php(120): wc_get_loop_prop()
#1 C:\OSPanel\domains\balace\wp-content\plugins\woocommerce\includes\wc-core-functions.php(345): include('C:\\OSPanel\\doma...')
#2 C:\OSPanel\domains\balace\wp-content\themes\balace\woocommerce\taxonomy-product-cat.php(22): wc_get_template()
#3 C:\OSPanel\domains\balace\wp-includes\template-loader.php(106): include('C:\\OSPanel\\doma...')
#4 C:\OSPanel\domains\balace\wp-blog-header.php(19): require_once('C:\\OSPanel\\doma...')
#5 C:\OSPanel\domains\balace\index.php(17): require('C:\\OSPanel\\doma...')
#6 {main}
  thrown в C:\OSPanel\domains\balace\wp-content\plugins\woocommerce\includes\wc-template-functions.php на строке 219

2024-07-04T13:10:44+00:00 CRITICAL Uncaught ArgumentCountError: Too few arguments to function wc_get_loop_prop(), 0 passed in C:\OSPanel\domains\balace\wp-content\themes\balace\woocommerce\archive-product.php on line 120 and at least 1 expected in C:\OSPanel\domains\balace\wp-content\plugins\woocommerce\includes\wc-template-functions.php:219
Stack trace:
#0 C:\OSPanel\domains\balace\wp-content\themes\balace\woocommerce\archive-product.php(120): wc_get_loop_prop()
#1 C:\OSPanel\domains\balace\wp-content\plugins\woocommerce\includes\wc-core-functions.php(345): include('C:\\OSPanel\\doma...')
#2 C:\OSPanel\domains\balace\wp-content\themes\balace\woocommerce\taxonomy-product-cat.php(22): wc_get_template()
#3 C:\OSPanel\domains\balace\wp-includes\template-loader.php(106): include('C:\\OSPanel\\doma...')
#4 C:\OSPanel\domains\balace\wp-blog-header.php(19): require_once('C:\\OSPanel\\doma...')
#5 C:\OSPanel\domains\balace\index.php(17): require('C:\\OSPanel\\doma...')
#6 {main}
  thrown в C:\OSPanel\domains\balace\wp-content\plugins\woocommerce\includes\wc-template-functions.php на строке 219

2024-07-04T13:11:03+00:00 CRITICAL Uncaught ArgumentCountError: Too few arguments to function wc_get_loop_prop(), 0 passed in C:\OSPanel\domains\balace\wp-content\themes\balace\woocommerce\archive-product.php on line 120 and at least 1 expected in C:\OSPanel\domains\balace\wp-content\plugins\woocommerce\includes\wc-template-functions.php:219
Stack trace:
#0 C:\OSPanel\domains\balace\wp-content\themes\balace\woocommerce\archive-product.php(120): wc_get_loop_prop()
#1 C:\OSPanel\domains\balace\wp-content\plugins\woocommerce\includes\wc-core-functions.php(345): include('C:\\OSPanel\\doma...')
#2 C:\OSPanel\domains\balace\wp-content\themes\balace\woocommerce\taxonomy-product-cat.php(22): wc_get_template()
#3 C:\OSPanel\domains\balace\wp-includes\template-loader.php(106): include('C:\\OSPanel\\doma...')
#4 C:\OSPanel\domains\balace\wp-blog-header.php(19): require_once('C:\\OSPanel\\doma...')
#5 C:\OSPanel\domains\balace\index.php(17): require('C:\\OSPanel\\doma...')
#6 {main}
  thrown в C:\OSPanel\domains\balace\wp-content\plugins\woocommerce\includes\wc-template-functions.php на строке 219

2024-07-04T13:11:25+00:00 CRITICAL Uncaught ArgumentCountError: Too few arguments to function wc_get_loop_prop(), 0 passed in C:\OSPanel\domains\balace\wp-content\themes\balace\woocommerce\archive-product.php on line 120 and at least 1 expected in C:\OSPanel\domains\balace\wp-content\plugins\woocommerce\includes\wc-template-functions.php:219
Stack trace:
#0 C:\OSPanel\domains\balace\wp-content\themes\balace\woocommerce\archive-product.php(120): wc_get_loop_prop()
#1 C:\OSPanel\domains\balace\wp-content\plugins\woocommerce\includes\wc-core-functions.php(345): include('C:\\OSPanel\\doma...')
#2 C:\OSPanel\domains\balace\wp-content\themes\balace\woocommerce\taxonomy-product-cat.php(22): wc_get_template()
#3 C:\OSPanel\domains\balace\wp-includes\template-loader.php(106): include('C:\\OSPanel\\doma...')
#4 C:\OSPanel\domains\balace\wp-blog-header.php(19): require_once('C:\\OSPanel\\doma...')
#5 C:\OSPanel\domains\balace\index.php(17): require('C:\\OSPanel\\doma...')
#6 {main}
  thrown в C:\OSPanel\domains\balace\wp-content\plugins\woocommerce\includes\wc-template-functions.php на строке 219

2024-07-04T14:12:00+00:00 CRITICAL Uncaught Error: Call to undefined function woocommerce_get_current_term_id() in C:\OSPanel\domains\balace\wp-content\themes\balace\functions.php:505
Stack trace:
#0 C:\OSPanel\domains\balace\wp-includes\class-wp-hook.php(308): get_current_category()
#1 C:\OSPanel\domains\balace\wp-includes\class-wp-hook.php(332): WP_Hook->apply_filters()
#2 C:\OSPanel\domains\balace\wp-includes\plugin.php(517): WP_Hook->do_action()
#3 C:\OSPanel\domains\balace\wp-admin\admin-ajax.php(188): do_action()
#4 {main}
  thrown в C:\OSPanel\domains\balace\wp-content\themes\balace\functions.php на строке 505

2024-07-04T14:12:00+00:00 CRITICAL Uncaught Error: Call to undefined function woocommerce_get_current_term_id() in C:\OSPanel\domains\balace\wp-content\themes\balace\functions.php:505
Stack trace:
#0 C:\OSPanel\domains\balace\wp-includes\class-wp-hook.php(308): get_current_category()
#1 C:\OSPanel\domains\balace\wp-includes\class-wp-hook.php(332): WP_Hook->apply_filters()
#2 C:\OSPanel\domains\balace\wp-includes\plugin.php(517): WP_Hook->do_action()
#3 C:\OSPanel\domains\balace\wp-admin\admin-ajax.php(188): do_action()
#4 {main}
  thrown в C:\OSPanel\domains\balace\wp-content\themes\balace\functions.php на строке 505

2024-07-04T14:12:05+00:00 CRITICAL Uncaught Error: Call to undefined function woocommerce_get_current_term_id() in C:\OSPanel\domains\balace\wp-content\themes\balace\functions.php:505
Stack trace:
#0 C:\OSPanel\domains\balace\wp-includes\class-wp-hook.php(308): get_current_category()
#1 C:\OSPanel\domains\balace\wp-includes\class-wp-hook.php(332): WP_Hook->apply_filters()
#2 C:\OSPanel\domains\balace\wp-includes\plugin.php(517): WP_Hook->do_action()
#3 C:\OSPanel\domains\balace\wp-admin\admin-ajax.php(188): do_action()
#4 {main}
  thrown в C:\OSPanel\domains\balace\wp-content\themes\balace\functions.php на строке 505

2024-07-04T14:12:05+00:00 CRITICAL Uncaught Error: Call to undefined function woocommerce_get_current_term_id() in C:\OSPanel\domains\balace\wp-content\themes\balace\functions.php:505
Stack trace:
#0 C:\OSPanel\domains\balace\wp-includes\class-wp-hook.php(308): get_current_category()
#1 C:\OSPanel\domains\balace\wp-includes\class-wp-hook.php(332): WP_Hook->apply_filters()
#2 C:\OSPanel\domains\balace\wp-includes\plugin.php(517): WP_Hook->do_action()
#3 C:\OSPanel\domains\balace\wp-admin\admin-ajax.php(188): do_action()
#4 {main}
  thrown в C:\OSPanel\domains\balace\wp-content\themes\balace\functions.php на строке 505

2024-07-04T14:12:41+00:00 CRITICAL Uncaught Error: Call to undefined function woocommerce_get_current_term_id() in C:\OSPanel\domains\balace\wp-content\themes\balace\functions.php:505
Stack trace:
#0 C:\OSPanel\domains\balace\wp-includes\class-wp-hook.php(308): get_current_category()
#1 C:\OSPanel\domains\balace\wp-includes\class-wp-hook.php(332): WP_Hook->apply_filters()
#2 C:\OSPanel\domains\balace\wp-includes\plugin.php(517): WP_Hook->do_action()
#3 C:\OSPanel\domains\balace\wp-admin\admin-ajax.php(188): do_action()
#4 {main}
  thrown в C:\OSPanel\domains\balace\wp-content\themes\balace\functions.php на строке 505

2024-07-04T14:12:41+00:00 CRITICAL Uncaught Error: Call to undefined function woocommerce_get_current_term_id() in C:\OSPanel\domains\balace\wp-content\themes\balace\functions.php:505
Stack trace:
#0 C:\OSPanel\domains\balace\wp-includes\class-wp-hook.php(308): get_current_category()
#1 C:\OSPanel\domains\balace\wp-includes\class-wp-hook.php(332): WP_Hook->apply_filters()
#2 C:\OSPanel\domains\balace\wp-includes\plugin.php(517): WP_Hook->do_action()
#3 C:\OSPanel\domains\balace\wp-admin\admin-ajax.php(188): do_action()
#4 {main}
  thrown в C:\OSPanel\domains\balace\wp-content\themes\balace\functions.php на строке 505

2024-07-04T14:14:02+00:00 CRITICAL Uncaught Error: Call to undefined function woocommerce_get_current_term_id() in C:\OSPanel\domains\balace\wp-content\themes\balace\functions.php:502
Stack trace:
#0 C:\OSPanel\domains\balace\wp-includes\class-wp-hook.php(308): get_product_categories_by_type()
#1 C:\OSPanel\domains\balace\wp-includes\class-wp-hook.php(332): WP_Hook->apply_filters()
#2 C:\OSPanel\domains\balace\wp-includes\plugin.php(517): WP_Hook->do_action()
#3 C:\OSPanel\domains\balace\wp-admin\admin-ajax.php(188): do_action()
#4 {main}
  thrown в C:\OSPanel\domains\balace\wp-content\themes\balace\functions.php на строке 502

2024-07-04T14:14:02+00:00 CRITICAL Uncaught Error: Call to undefined function woocommerce_get_current_term_id() in C:\OSPanel\domains\balace\wp-content\themes\balace\functions.php:502
Stack trace:
#0 C:\OSPanel\domains\balace\wp-includes\class-wp-hook.php(308): get_product_categories_by_type()
#1 C:\OSPanel\domains\balace\wp-includes\class-wp-hook.php(332): WP_Hook->apply_filters()
#2 C:\OSPanel\domains\balace\wp-includes\plugin.php(517): WP_Hook->do_action()
#3 C:\OSPanel\domains\balace\wp-admin\admin-ajax.php(188): do_action()
#4 {main}
  thrown в C:\OSPanel\domains\balace\wp-content\themes\balace\functions.php на строке 502

