2024-06-27T10:28:39+00:00 CRITICAL Maximum execution time of 60 seconds exceeded в C:\OSPanel\domains\balace\wp-includes\Requests\src\Transport\Curl.php на строке 534

2024-06-27T12:18:51+00:00 CRITICAL Uncaught Error: Object of class WP_Error could not be converted to string in C:\OSPanel\domains\balace\wp-content\themes\balace\pages\category_catalog_balace.php:10
Stack trace:
#0 C:\OSPanel\domains\balace\wp-includes\template-loader.php(106): include()
#1 C:\OSPanel\domains\balace\wp-blog-header.php(19): require_once('C:\\OSPanel\\doma...')
#2 C:\OSPanel\domains\balace\index.php(17): require('C:\\OSPanel\\doma...')
#3 {main}
  thrown в C:\OSPanel\domains\balace\wp-content\themes\balace\pages\category_catalog_balace.php на строке 10

2024-06-27T12:40:19+00:00 CRITICAL Maximum execution time of 60 seconds exceeded в C:\OSPanel\domains\balace\wp-includes\Requests\src\Transport\Curl.php на строке 534

2024-06-27T14:48:22+00:00 CRITICAL Uncaught TypeError: ltrim(): Argument #1 ($string) must be of type string, WP_Error given in C:\OSPanel\domains\balace\wp-includes\formatting.php:4415
Stack trace:
#0 C:\OSPanel\domains\balace\wp-includes\formatting.php(4415): ltrim()
#1 C:\OSPanel\domains\balace\wp-content\themes\balace\pages\category_catalog_balace.php(21): esc_url()
#2 C:\OSPanel\domains\balace\wp-includes\template-loader.php(106): include('C:\\OSPanel\\doma...')
#3 C:\OSPanel\domains\balace\wp-blog-header.php(19): require_once('C:\\OSPanel\\doma...')
#4 C:\OSPanel\domains\balace\index.php(17): require('C:\\OSPanel\\doma...')
#5 {main}
  thrown в C:\OSPanel\domains\balace\wp-includes\formatting.php на строке 4415

2024-06-27T14:50:36+00:00 CRITICAL Uncaught TypeError: ltrim(): Argument #1 ($string) must be of type string, WP_Error given in C:\OSPanel\domains\balace\wp-includes\formatting.php:4415
Stack trace:
#0 C:\OSPanel\domains\balace\wp-includes\formatting.php(4415): ltrim()
#1 C:\OSPanel\domains\balace\wp-content\themes\balace\pages\category_catalog_balace.php(21): esc_url()
#2 C:\OSPanel\domains\balace\wp-includes\template-loader.php(106): include('C:\\OSPanel\\doma...')
#3 C:\OSPanel\domains\balace\wp-blog-header.php(19): require_once('C:\\OSPanel\\doma...')
#4 C:\OSPanel\domains\balace\index.php(17): require('C:\\OSPanel\\doma...')
#5 {main}
  thrown в C:\OSPanel\domains\balace\wp-includes\formatting.php на строке 4415

2024-06-27T14:51:34+00:00 CRITICAL Uncaught TypeError: ltrim(): Argument #1 ($string) must be of type string, WP_Error given in C:\OSPanel\domains\balace\wp-includes\formatting.php:4415
Stack trace:
#0 C:\OSPanel\domains\balace\wp-includes\formatting.php(4415): ltrim()
#1 C:\OSPanel\domains\balace\wp-content\themes\balace\pages\category_catalog_balace.php(21): esc_url()
#2 C:\OSPanel\domains\balace\wp-includes\template-loader.php(106): include('C:\\OSPanel\\doma...')
#3 C:\OSPanel\domains\balace\wp-blog-header.php(19): require_once('C:\\OSPanel\\doma...')
#4 C:\OSPanel\domains\balace\index.php(17): require('C:\\OSPanel\\doma...')
#5 {main}
  thrown в C:\OSPanel\domains\balace\wp-includes\formatting.php на строке 4415

