2024-07-01T10:56:37+00:00 CRITICAL Cannot redeclare custom_product_loop_end() (previously declared in C:\OSPanel\domains\balace\wp-content\themes\balace\functions.php:343) в C:\OSPanel\domains\balace\wp-content\themes\balace\functions.php на строке 349

2024-07-01T10:56:38+00:00 CRITICAL Cannot redeclare custom_product_loop_end() (previously declared in C:\OSPanel\domains\balace\wp-content\themes\balace\functions.php:343) в C:\OSPanel\domains\balace\wp-content\themes\balace\functions.php на строке 349

2024-07-01T10:56:39+00:00 CRITICAL Cannot redeclare custom_product_loop_end() (previously declared in C:\OSPanel\domains\balace\wp-content\themes\balace\functions.php:343) в C:\OSPanel\domains\balace\wp-content\themes\balace\functions.php на строке 349

2024-07-01T10:56:41+00:00 CRITICAL Cannot redeclare custom_product_loop_end() (previously declared in C:\OSPanel\domains\balace\wp-content\themes\balace\functions.php:343) в C:\OSPanel\domains\balace\wp-content\themes\balace\functions.php на строке 349

2024-07-01T13:39:32+00:00 CRITICAL Uncaught Error: Call to a member function get_category_ids() on null in C:\OSPanel\domains\balace\wp-content\themes\balace\pages\templates-parts\product-sales.php:26
Stack trace:
#0 C:\OSPanel\domains\balace\wp-includes\template.php(785): require()
#1 C:\OSPanel\domains\balace\wp-includes\template.php(718): load_template()
#2 C:\OSPanel\domains\balace\wp-includes\general-template.php(204): locate_template()
#3 C:\OSPanel\domains\balace\wp-content\themes\balace\woocommerce\archive-product.php(33): get_template_part()
#4 C:\OSPanel\domains\balace\wp-content\plugins\woocommerce\includes\wc-core-functions.php(345): include('C:\\OSPanel\\doma...')
#5 C:\OSPanel\domains\balace\wp-content\themes\balace\woocommerce\taxonomy-product-cat.php(22): wc_get_template()
#6 C:\OSPanel\domains\balace\wp-includes\template-loader.php(106): include('C:\\OSPanel\\doma...')
#7 C:\OSPanel\domains\balace\wp-blog-header.php(19): require_once('C:\\OSPanel\\doma...')
#8 C:\OSPanel\domains\balace\index.php(17): require('C:\\OSPanel\\doma...')
#9 {main}
  thrown в C:\OSPanel\domains\balace\wp-content\themes\balace\pages\templates-parts\product-sales.php на строке 26

2024-07-01T13:40:38+00:00 CRITICAL Uncaught Error: Call to a member function get_category_ids() on null in C:\OSPanel\domains\balace\wp-content\themes\balace\pages\templates-parts\product-sales.php:26
Stack trace:
#0 C:\OSPanel\domains\balace\wp-includes\template.php(785): require()
#1 C:\OSPanel\domains\balace\wp-includes\template.php(718): load_template()
#2 C:\OSPanel\domains\balace\wp-includes\general-template.php(204): locate_template()
#3 C:\OSPanel\domains\balace\wp-content\themes\balace\woocommerce\archive-product.php(33): get_template_part()
#4 C:\OSPanel\domains\balace\wp-content\plugins\woocommerce\includes\wc-core-functions.php(345): include('C:\\OSPanel\\doma...')
#5 C:\OSPanel\domains\balace\wp-content\themes\balace\woocommerce\taxonomy-product-cat.php(22): wc_get_template()
#6 C:\OSPanel\domains\balace\wp-includes\template-loader.php(106): include('C:\\OSPanel\\doma...')
#7 C:\OSPanel\domains\balace\wp-blog-header.php(19): require_once('C:\\OSPanel\\doma...')
#8 C:\OSPanel\domains\balace\index.php(17): require('C:\\OSPanel\\doma...')
#9 {main}
  thrown в C:\OSPanel\domains\balace\wp-content\themes\balace\pages\templates-parts\product-sales.php на строке 26

2024-07-01T13:41:07+00:00 CRITICAL Uncaught Error: Call to a member function get_category_ids() on null in C:\OSPanel\domains\balace\wp-content\themes\balace\pages\templates-parts\product-sales.php:27
Stack trace:
#0 C:\OSPanel\domains\balace\wp-includes\template.php(785): require()
#1 C:\OSPanel\domains\balace\wp-includes\template.php(718): load_template()
#2 C:\OSPanel\domains\balace\wp-includes\general-template.php(204): locate_template()
#3 C:\OSPanel\domains\balace\wp-content\themes\balace\woocommerce\archive-product.php(33): get_template_part()
#4 C:\OSPanel\domains\balace\wp-content\plugins\woocommerce\includes\wc-core-functions.php(345): include('C:\\OSPanel\\doma...')
#5 C:\OSPanel\domains\balace\wp-content\themes\balace\woocommerce\taxonomy-product-cat.php(22): wc_get_template()
#6 C:\OSPanel\domains\balace\wp-includes\template-loader.php(106): include('C:\\OSPanel\\doma...')
#7 C:\OSPanel\domains\balace\wp-blog-header.php(19): require_once('C:\\OSPanel\\doma...')
#8 C:\OSPanel\domains\balace\index.php(17): require('C:\\OSPanel\\doma...')
#9 {main}
  thrown в C:\OSPanel\domains\balace\wp-content\themes\balace\pages\templates-parts\product-sales.php на строке 27

2024-07-01T13:41:26+00:00 CRITICAL Uncaught Error: Call to a member function get_category_ids() on null in C:\OSPanel\domains\balace\wp-content\themes\balace\pages\templates-parts\product-sales.php:27
Stack trace:
#0 C:\OSPanel\domains\balace\wp-includes\template.php(785): require()
#1 C:\OSPanel\domains\balace\wp-includes\template.php(718): load_template()
#2 C:\OSPanel\domains\balace\wp-includes\general-template.php(204): locate_template()
#3 C:\OSPanel\domains\balace\wp-content\themes\balace\woocommerce\archive-product.php(33): get_template_part()
#4 C:\OSPanel\domains\balace\wp-content\plugins\woocommerce\includes\wc-core-functions.php(345): include('C:\\OSPanel\\doma...')
#5 C:\OSPanel\domains\balace\wp-content\themes\balace\woocommerce\taxonomy-product-cat.php(22): wc_get_template()
#6 C:\OSPanel\domains\balace\wp-includes\template-loader.php(106): include('C:\\OSPanel\\doma...')
#7 C:\OSPanel\domains\balace\wp-blog-header.php(19): require_once('C:\\OSPanel\\doma...')
#8 C:\OSPanel\domains\balace\index.php(17): require('C:\\OSPanel\\doma...')
#9 {main}
  thrown в C:\OSPanel\domains\balace\wp-content\themes\balace\pages\templates-parts\product-sales.php на строке 27

2024-07-01T14:01:10+00:00 CRITICAL syntax error, unexpected token "{", expecting "(" в C:\OSPanel\domains\balace\wp-content\themes\balace\functions.php на строке 336

2024-07-01T14:01:11+00:00 CRITICAL syntax error, unexpected token "{", expecting "(" в C:\OSPanel\domains\balace\wp-content\themes\balace\functions.php на строке 336

