2024-07-30T14:13:28+00:00 CRITICAL Uncaught Error: Undefined constant "php" in C:\OSPanel\domains\balace\wp-content\themes\balace\single-blog.php:105
Stack trace:
#0 C:\OSPanel\domains\balace\wp-includes\template-loader.php(106): include()
#1 C:\OSPanel\domains\balace\wp-blog-header.php(19): require_once('C:\\OSPanel\\doma...')
#2 C:\OSPanel\domains\balace\index.php(17): require('C:\\OSPanel\\doma...')
#3 {main}
  thrown в C:\OSPanel\domains\balace\wp-content\themes\balace\single-blog.php на строке 105

2024-07-30T14:13:45+00:00 CRITICAL Uncaught Error: Undefined constant "php" in C:\OSPanel\domains\balace\wp-content\themes\balace\single-blog.php:105
Stack trace:
#0 C:\OSPanel\domains\balace\wp-includes\template-loader.php(106): include()
#1 C:\OSPanel\domains\balace\wp-blog-header.php(19): require_once('C:\\OSPanel\\doma...')
#2 C:\OSPanel\domains\balace\index.php(17): require('C:\\OSPanel\\doma...')
#3 {main}
  thrown в C:\OSPanel\domains\balace\wp-content\themes\balace\single-blog.php на строке 105

2024-07-30T14:14:04+00:00 CRITICAL Uncaught Error: Undefined constant "php" in C:\OSPanel\domains\balace\wp-content\themes\balace\single-blog.php:105
Stack trace:
#0 C:\OSPanel\domains\balace\wp-includes\template-loader.php(106): include()
#1 C:\OSPanel\domains\balace\wp-blog-header.php(19): require_once('C:\\OSPanel\\doma...')
#2 C:\OSPanel\domains\balace\index.php(17): require('C:\\OSPanel\\doma...')
#3 {main}
  thrown в C:\OSPanel\domains\balace\wp-content\themes\balace\single-blog.php на строке 105

2024-07-30T14:14:21+00:00 CRITICAL Uncaught Error: Undefined constant "php" in C:\OSPanel\domains\balace\wp-content\themes\balace\single-blog.php:105
Stack trace:
#0 C:\OSPanel\domains\balace\wp-includes\template-loader.php(106): include()
#1 C:\OSPanel\domains\balace\wp-blog-header.php(19): require_once('C:\\OSPanel\\doma...')
#2 C:\OSPanel\domains\balace\index.php(17): require('C:\\OSPanel\\doma...')
#3 {main}
  thrown в C:\OSPanel\domains\balace\wp-content\themes\balace\single-blog.php на строке 105

2024-07-30T14:14:38+00:00 CRITICAL Uncaught Error: Undefined constant "php" in C:\OSPanel\domains\balace\wp-content\themes\balace\single-blog.php:105
Stack trace:
#0 C:\OSPanel\domains\balace\wp-includes\template-loader.php(106): include()
#1 C:\OSPanel\domains\balace\wp-blog-header.php(19): require_once('C:\\OSPanel\\doma...')
#2 C:\OSPanel\domains\balace\index.php(17): require('C:\\OSPanel\\doma...')
#3 {main}
  thrown в C:\OSPanel\domains\balace\wp-content\themes\balace\single-blog.php на строке 105

2024-07-30T14:14:55+00:00 CRITICAL Uncaught Error: Undefined constant "php" in C:\OSPanel\domains\balace\wp-content\themes\balace\single-blog.php:105
Stack trace:
#0 C:\OSPanel\domains\balace\wp-includes\template-loader.php(106): include()
#1 C:\OSPanel\domains\balace\wp-blog-header.php(19): require_once('C:\\OSPanel\\doma...')
#2 C:\OSPanel\domains\balace\index.php(17): require('C:\\OSPanel\\doma...')
#3 {main}
  thrown в C:\OSPanel\domains\balace\wp-content\themes\balace\single-blog.php на строке 105

2024-07-30T14:15:13+00:00 CRITICAL Uncaught Error: Undefined constant "php" in C:\OSPanel\domains\balace\wp-content\themes\balace\single-blog.php:105
Stack trace:
#0 C:\OSPanel\domains\balace\wp-includes\template-loader.php(106): include()
#1 C:\OSPanel\domains\balace\wp-blog-header.php(19): require_once('C:\\OSPanel\\doma...')
#2 C:\OSPanel\domains\balace\index.php(17): require('C:\\OSPanel\\doma...')
#3 {main}
  thrown в C:\OSPanel\domains\balace\wp-content\themes\balace\single-blog.php на строке 105

2024-07-30T14:15:30+00:00 CRITICAL Uncaught Error: Undefined constant "php" in C:\OSPanel\domains\balace\wp-content\themes\balace\single-blog.php:105
Stack trace:
#0 C:\OSPanel\domains\balace\wp-includes\template-loader.php(106): include()
#1 C:\OSPanel\domains\balace\wp-blog-header.php(19): require_once('C:\\OSPanel\\doma...')
#2 C:\OSPanel\domains\balace\index.php(17): require('C:\\OSPanel\\doma...')
#3 {main}
  thrown в C:\OSPanel\domains\balace\wp-content\themes\balace\single-blog.php на строке 105

2024-07-30T14:15:47+00:00 CRITICAL Uncaught Error: Undefined constant "php" in C:\OSPanel\domains\balace\wp-content\themes\balace\single-blog.php:105
Stack trace:
#0 C:\OSPanel\domains\balace\wp-includes\template-loader.php(106): include()
#1 C:\OSPanel\domains\balace\wp-blog-header.php(19): require_once('C:\\OSPanel\\doma...')
#2 C:\OSPanel\domains\balace\index.php(17): require('C:\\OSPanel\\doma...')
#3 {main}
  thrown в C:\OSPanel\domains\balace\wp-content\themes\balace\single-blog.php на строке 105

2024-07-30T14:16:06+00:00 CRITICAL Uncaught Error: Undefined constant "php" in C:\OSPanel\domains\balace\wp-content\themes\balace\single-blog.php:105
Stack trace:
#0 C:\OSPanel\domains\balace\wp-includes\template-loader.php(106): include()
#1 C:\OSPanel\domains\balace\wp-blog-header.php(19): require_once('C:\\OSPanel\\doma...')
#2 C:\OSPanel\domains\balace\index.php(17): require('C:\\OSPanel\\doma...')
#3 {main}
  thrown в C:\OSPanel\domains\balace\wp-content\themes\balace\single-blog.php на строке 105

2024-07-30T14:16:23+00:00 CRITICAL Uncaught Error: Undefined constant "php" in C:\OSPanel\domains\balace\wp-content\themes\balace\single-blog.php:105
Stack trace:
#0 C:\OSPanel\domains\balace\wp-includes\template-loader.php(106): include()
#1 C:\OSPanel\domains\balace\wp-blog-header.php(19): require_once('C:\\OSPanel\\doma...')
#2 C:\OSPanel\domains\balace\index.php(17): require('C:\\OSPanel\\doma...')
#3 {main}
  thrown в C:\OSPanel\domains\balace\wp-content\themes\balace\single-blog.php на строке 105

2024-07-30T14:16:40+00:00 CRITICAL Uncaught Error: Undefined constant "php" in C:\OSPanel\domains\balace\wp-content\themes\balace\single-blog.php:105
Stack trace:
#0 C:\OSPanel\domains\balace\wp-includes\template-loader.php(106): include()
#1 C:\OSPanel\domains\balace\wp-blog-header.php(19): require_once('C:\\OSPanel\\doma...')
#2 C:\OSPanel\domains\balace\index.php(17): require('C:\\OSPanel\\doma...')
#3 {main}
  thrown в C:\OSPanel\domains\balace\wp-content\themes\balace\single-blog.php на строке 105

2024-07-30T14:16:59+00:00 CRITICAL Uncaught Error: Undefined constant "php" in C:\OSPanel\domains\balace\wp-content\themes\balace\single-blog.php:105
Stack trace:
#0 C:\OSPanel\domains\balace\wp-includes\template-loader.php(106): include()
#1 C:\OSPanel\domains\balace\wp-blog-header.php(19): require_once('C:\\OSPanel\\doma...')
#2 C:\OSPanel\domains\balace\index.php(17): require('C:\\OSPanel\\doma...')
#3 {main}
  thrown в C:\OSPanel\domains\balace\wp-content\themes\balace\single-blog.php на строке 105

2024-07-30T14:17:16+00:00 CRITICAL Uncaught Error: Undefined constant "php" in C:\OSPanel\domains\balace\wp-content\themes\balace\single-blog.php:105
Stack trace:
#0 C:\OSPanel\domains\balace\wp-includes\template-loader.php(106): include()
#1 C:\OSPanel\domains\balace\wp-blog-header.php(19): require_once('C:\\OSPanel\\doma...')
#2 C:\OSPanel\domains\balace\index.php(17): require('C:\\OSPanel\\doma...')
#3 {main}
  thrown в C:\OSPanel\domains\balace\wp-content\themes\balace\single-blog.php на строке 105

2024-07-30T14:17:33+00:00 CRITICAL Uncaught Error: Undefined constant "php" in C:\OSPanel\domains\balace\wp-content\themes\balace\single-blog.php:105
Stack trace:
#0 C:\OSPanel\domains\balace\wp-includes\template-loader.php(106): include()
#1 C:\OSPanel\domains\balace\wp-blog-header.php(19): require_once('C:\\OSPanel\\doma...')
#2 C:\OSPanel\domains\balace\index.php(17): require('C:\\OSPanel\\doma...')
#3 {main}
  thrown в C:\OSPanel\domains\balace\wp-content\themes\balace\single-blog.php на строке 105

2024-07-30T14:17:50+00:00 CRITICAL Uncaught Error: Undefined constant "php" in C:\OSPanel\domains\balace\wp-content\themes\balace\single-blog.php:105
Stack trace:
#0 C:\OSPanel\domains\balace\wp-includes\template-loader.php(106): include()
#1 C:\OSPanel\domains\balace\wp-blog-header.php(19): require_once('C:\\OSPanel\\doma...')
#2 C:\OSPanel\domains\balace\index.php(17): require('C:\\OSPanel\\doma...')
#3 {main}
  thrown в C:\OSPanel\domains\balace\wp-content\themes\balace\single-blog.php на строке 105

2024-07-30T14:18:09+00:00 CRITICAL Uncaught Error: Undefined constant "php" in C:\OSPanel\domains\balace\wp-content\themes\balace\single-blog.php:105
Stack trace:
#0 C:\OSPanel\domains\balace\wp-includes\template-loader.php(106): include()
#1 C:\OSPanel\domains\balace\wp-blog-header.php(19): require_once('C:\\OSPanel\\doma...')
#2 C:\OSPanel\domains\balace\index.php(17): require('C:\\OSPanel\\doma...')
#3 {main}
  thrown в C:\OSPanel\domains\balace\wp-content\themes\balace\single-blog.php на строке 105

2024-07-30T14:18:26+00:00 CRITICAL Uncaught Error: Undefined constant "php" in C:\OSPanel\domains\balace\wp-content\themes\balace\single-blog.php:105
Stack trace:
#0 C:\OSPanel\domains\balace\wp-includes\template-loader.php(106): include()
#1 C:\OSPanel\domains\balace\wp-blog-header.php(19): require_once('C:\\OSPanel\\doma...')
#2 C:\OSPanel\domains\balace\index.php(17): require('C:\\OSPanel\\doma...')
#3 {main}
  thrown в C:\OSPanel\domains\balace\wp-content\themes\balace\single-blog.php на строке 105

2024-07-30T14:18:40+00:00 CRITICAL Uncaught Error: Undefined constant "php" in C:\OSPanel\domains\balace\wp-content\themes\balace\single-blog.php:105
Stack trace:
#0 C:\OSPanel\domains\balace\wp-includes\template-loader.php(106): include()
#1 C:\OSPanel\domains\balace\wp-blog-header.php(19): require_once('C:\\OSPanel\\doma...')
#2 C:\OSPanel\domains\balace\index.php(17): require('C:\\OSPanel\\doma...')
#3 {main}
  thrown в C:\OSPanel\domains\balace\wp-content\themes\balace\single-blog.php на строке 105

2024-07-30T14:18:58+00:00 CRITICAL Uncaught Error: Undefined constant "php" in C:\OSPanel\domains\balace\wp-content\themes\balace\single-blog.php:105
Stack trace:
#0 C:\OSPanel\domains\balace\wp-includes\template-loader.php(106): include()
#1 C:\OSPanel\domains\balace\wp-blog-header.php(19): require_once('C:\\OSPanel\\doma...')
#2 C:\OSPanel\domains\balace\index.php(17): require('C:\\OSPanel\\doma...')
#3 {main}
  thrown в C:\OSPanel\domains\balace\wp-content\themes\balace\single-blog.php на строке 105

2024-07-30T14:19:15+00:00 CRITICAL Uncaught Error: Undefined constant "php" in C:\OSPanel\domains\balace\wp-content\themes\balace\single-blog.php:105
Stack trace:
#0 C:\OSPanel\domains\balace\wp-includes\template-loader.php(106): include()
#1 C:\OSPanel\domains\balace\wp-blog-header.php(19): require_once('C:\\OSPanel\\doma...')
#2 C:\OSPanel\domains\balace\index.php(17): require('C:\\OSPanel\\doma...')
#3 {main}
  thrown в C:\OSPanel\domains\balace\wp-content\themes\balace\single-blog.php на строке 105

2024-07-30T14:19:33+00:00 CRITICAL Uncaught Error: Undefined constant "php" in C:\OSPanel\domains\balace\wp-content\themes\balace\single-blog.php:105
Stack trace:
#0 C:\OSPanel\domains\balace\wp-includes\template-loader.php(106): include()
#1 C:\OSPanel\domains\balace\wp-blog-header.php(19): require_once('C:\\OSPanel\\doma...')
#2 C:\OSPanel\domains\balace\index.php(17): require('C:\\OSPanel\\doma...')
#3 {main}
  thrown в C:\OSPanel\domains\balace\wp-content\themes\balace\single-blog.php на строке 105

2024-07-30T14:19:50+00:00 CRITICAL Uncaught Error: Undefined constant "php" in C:\OSPanel\domains\balace\wp-content\themes\balace\single-blog.php:105
Stack trace:
#0 C:\OSPanel\domains\balace\wp-includes\template-loader.php(106): include()
#1 C:\OSPanel\domains\balace\wp-blog-header.php(19): require_once('C:\\OSPanel\\doma...')
#2 C:\OSPanel\domains\balace\index.php(17): require('C:\\OSPanel\\doma...')
#3 {main}
  thrown в C:\OSPanel\domains\balace\wp-content\themes\balace\single-blog.php на строке 105

2024-07-30T14:20:08+00:00 CRITICAL Uncaught Error: Undefined constant "php" in C:\OSPanel\domains\balace\wp-content\themes\balace\single-blog.php:105
Stack trace:
#0 C:\OSPanel\domains\balace\wp-includes\template-loader.php(106): include()
#1 C:\OSPanel\domains\balace\wp-blog-header.php(19): require_once('C:\\OSPanel\\doma...')
#2 C:\OSPanel\domains\balace\index.php(17): require('C:\\OSPanel\\doma...')
#3 {main}
  thrown в C:\OSPanel\domains\balace\wp-content\themes\balace\single-blog.php на строке 105

2024-07-30T14:20:26+00:00 CRITICAL Uncaught Error: Undefined constant "php" in C:\OSPanel\domains\balace\wp-content\themes\balace\single-blog.php:105
Stack trace:
#0 C:\OSPanel\domains\balace\wp-includes\template-loader.php(106): include()
#1 C:\OSPanel\domains\balace\wp-blog-header.php(19): require_once('C:\\OSPanel\\doma...')
#2 C:\OSPanel\domains\balace\index.php(17): require('C:\\OSPanel\\doma...')
#3 {main}
  thrown в C:\OSPanel\domains\balace\wp-content\themes\balace\single-blog.php на строке 105

2024-07-30T14:20:43+00:00 CRITICAL Uncaught Error: Undefined constant "php" in C:\OSPanel\domains\balace\wp-content\themes\balace\single-blog.php:105
Stack trace:
#0 C:\OSPanel\domains\balace\wp-includes\template-loader.php(106): include()
#1 C:\OSPanel\domains\balace\wp-blog-header.php(19): require_once('C:\\OSPanel\\doma...')
#2 C:\OSPanel\domains\balace\index.php(17): require('C:\\OSPanel\\doma...')
#3 {main}
  thrown в C:\OSPanel\domains\balace\wp-content\themes\balace\single-blog.php на строке 105

2024-07-30T14:21:02+00:00 CRITICAL Uncaught Error: Undefined constant "php" in C:\OSPanel\domains\balace\wp-content\themes\balace\single-blog.php:105
Stack trace:
#0 C:\OSPanel\domains\balace\wp-includes\template-loader.php(106): include()
#1 C:\OSPanel\domains\balace\wp-blog-header.php(19): require_once('C:\\OSPanel\\doma...')
#2 C:\OSPanel\domains\balace\index.php(17): require('C:\\OSPanel\\doma...')
#3 {main}
  thrown в C:\OSPanel\domains\balace\wp-content\themes\balace\single-blog.php на строке 105

2024-07-30T14:21:19+00:00 CRITICAL Uncaught Error: Undefined constant "php" in C:\OSPanel\domains\balace\wp-content\themes\balace\single-blog.php:105
Stack trace:
#0 C:\OSPanel\domains\balace\wp-includes\template-loader.php(106): include()
#1 C:\OSPanel\domains\balace\wp-blog-header.php(19): require_once('C:\\OSPanel\\doma...')
#2 C:\OSPanel\domains\balace\index.php(17): require('C:\\OSPanel\\doma...')
#3 {main}
  thrown в C:\OSPanel\domains\balace\wp-content\themes\balace\single-blog.php на строке 105

2024-07-30T14:21:36+00:00 CRITICAL Uncaught Error: Undefined constant "php" in C:\OSPanel\domains\balace\wp-content\themes\balace\single-blog.php:105
Stack trace:
#0 C:\OSPanel\domains\balace\wp-includes\template-loader.php(106): include()
#1 C:\OSPanel\domains\balace\wp-blog-header.php(19): require_once('C:\\OSPanel\\doma...')
#2 C:\OSPanel\domains\balace\index.php(17): require('C:\\OSPanel\\doma...')
#3 {main}
  thrown в C:\OSPanel\domains\balace\wp-content\themes\balace\single-blog.php на строке 105

2024-07-30T14:21:53+00:00 CRITICAL Uncaught Error: Undefined constant "php" in C:\OSPanel\domains\balace\wp-content\themes\balace\single-blog.php:105
Stack trace:
#0 C:\OSPanel\domains\balace\wp-includes\template-loader.php(106): include()
#1 C:\OSPanel\domains\balace\wp-blog-header.php(19): require_once('C:\\OSPanel\\doma...')
#2 C:\OSPanel\domains\balace\index.php(17): require('C:\\OSPanel\\doma...')
#3 {main}
  thrown в C:\OSPanel\domains\balace\wp-content\themes\balace\single-blog.php на строке 105

2024-07-30T14:22:12+00:00 CRITICAL Uncaught Error: Undefined constant "php" in C:\OSPanel\domains\balace\wp-content\themes\balace\single-blog.php:105
Stack trace:
#0 C:\OSPanel\domains\balace\wp-includes\template-loader.php(106): include()
#1 C:\OSPanel\domains\balace\wp-blog-header.php(19): require_once('C:\\OSPanel\\doma...')
#2 C:\OSPanel\domains\balace\index.php(17): require('C:\\OSPanel\\doma...')
#3 {main}
  thrown в C:\OSPanel\domains\balace\wp-content\themes\balace\single-blog.php на строке 105

2024-07-30T14:22:29+00:00 CRITICAL Uncaught Error: Undefined constant "php" in C:\OSPanel\domains\balace\wp-content\themes\balace\single-blog.php:105
Stack trace:
#0 C:\OSPanel\domains\balace\wp-includes\template-loader.php(106): include()
#1 C:\OSPanel\domains\balace\wp-blog-header.php(19): require_once('C:\\OSPanel\\doma...')
#2 C:\OSPanel\domains\balace\index.php(17): require('C:\\OSPanel\\doma...')
#3 {main}
  thrown в C:\OSPanel\domains\balace\wp-content\themes\balace\single-blog.php на строке 105

2024-07-30T14:22:38+00:00 CRITICAL Uncaught Error: Undefined constant "php" in C:\OSPanel\domains\balace\wp-content\themes\balace\single-blog.php:105
Stack trace:
#0 C:\OSPanel\domains\balace\wp-includes\template-loader.php(106): include()
#1 C:\OSPanel\domains\balace\wp-blog-header.php(19): require_once('C:\\OSPanel\\doma...')
#2 C:\OSPanel\domains\balace\index.php(17): require('C:\\OSPanel\\doma...')
#3 {main}
  thrown в C:\OSPanel\domains\balace\wp-content\themes\balace\single-blog.php на строке 105

2024-07-30T14:22:55+00:00 CRITICAL Uncaught Error: Undefined constant "php" in C:\OSPanel\domains\balace\wp-content\themes\balace\single-blog.php:105
Stack trace:
#0 C:\OSPanel\domains\balace\wp-includes\template-loader.php(106): include()
#1 C:\OSPanel\domains\balace\wp-blog-header.php(19): require_once('C:\\OSPanel\\doma...')
#2 C:\OSPanel\domains\balace\index.php(17): require('C:\\OSPanel\\doma...')
#3 {main}
  thrown в C:\OSPanel\domains\balace\wp-content\themes\balace\single-blog.php на строке 105

2024-07-30T14:23:06+00:00 CRITICAL Uncaught Error: Undefined constant "php" in C:\OSPanel\domains\balace\wp-content\themes\balace\single-blog.php:105
Stack trace:
#0 C:\OSPanel\domains\balace\wp-includes\template-loader.php(106): include()
#1 C:\OSPanel\domains\balace\wp-blog-header.php(19): require_once('C:\\OSPanel\\doma...')
#2 C:\OSPanel\domains\balace\index.php(17): require('C:\\OSPanel\\doma...')
#3 {main}
  thrown в C:\OSPanel\domains\balace\wp-content\themes\balace\single-blog.php на строке 105

2024-07-30T14:23:23+00:00 CRITICAL Uncaught Error: Undefined constant "php" in C:\OSPanel\domains\balace\wp-content\themes\balace\single-blog.php:105
Stack trace:
#0 C:\OSPanel\domains\balace\wp-includes\template-loader.php(106): include()
#1 C:\OSPanel\domains\balace\wp-blog-header.php(19): require_once('C:\\OSPanel\\doma...')
#2 C:\OSPanel\domains\balace\index.php(17): require('C:\\OSPanel\\doma...')
#3 {main}
  thrown в C:\OSPanel\domains\balace\wp-content\themes\balace\single-blog.php на строке 105

